<?xml version="1.0" encoding="UTF-8"?>
<!-- Generated by org.testng.reporters.JUnitReportReporter -->
<testsuite skipped="0" hostname="LAPTOP-J8VUTN6J" name="com.testFacebook.TestPOMFBSignup" tests="1" failures="0" timestamp="29 May 2020 06:19:32 GMT" time="1.993" errors="0">
  <testcase name="Signup" time="1.993" classname="com.testFacebook.TestPOMFBSignup"/>
</testsuite> <!-- com.testFacebook.TestPOMFBSignup -->
